This is pdfTeX, Version 3.14159265-2.6-1.40.20 (TeX Live 2019) (preloaded format=pdflatex 2019.5.8)  10 DEC 2021 14:19
entering extended mode
 restricted \write18 enabled.
 %&-line parsing enabled.
**SLDS_smoothT.tex
(./SLDS_smoothT.tex
LaTeX2e <2018-12-01>
(/usr/local/texlive/2019/texmf-dist/tex/latex/base/article.cls
Document Class: article 2018/09/03 v1.4i Standard LaTeX document class
(/usr/local/texlive/2019/texmf-dist/tex/latex/base/size11.clo
File: size11.clo 2018/09/03 v1.4i Standard LaTeX file (size option)
)
\c@part=\count80
\c@section=\count81
\c@subsection=\count82
\c@subsubsection=\count83
\c@paragraph=\count84
\c@subparagraph=\count85
\c@figure=\count86
\c@table=\count87
\abovecaptionskip=\skip41
\belowcaptionskip=\skip42
\bibindent=\dimen102
)
(/usr/local/texlive/2019/texmf-dist/tex/latex/setspace/setspace.sty
Package: setspace 2011/12/19 v6.7a set line spacing
)
(/usr/local/texlive/2019/texmf-dist/tex/latex/amsmath/amsmath.sty
Package: amsmath 2018/12/01 v2.17b AMS math features
\@mathmargin=\skip43

For additional information on amsmath, use the `?' option.
(/usr/local/texlive/2019/texmf-dist/tex/latex/amsmath/amstext.sty
Package: amstext 2000/06/29 v2.01 AMS text

(/usr/local/texlive/2019/texmf-dist/tex/latex/amsmath/amsgen.sty
File: amsgen.sty 1999/11/30 v2.0 generic functions
\@emptytoks=\toks14
\ex@=\dimen103
))
(/usr/local/texlive/2019/texmf-dist/tex/latex/amsmath/amsbsy.sty
Package: amsbsy 1999/11/29 v1.2d Bold Symbols
\pmbraise@=\dimen104
)
(/usr/local/texlive/2019/texmf-dist/tex/latex/amsmath/amsopn.sty
Package: amsopn 2016/03/08 v2.02 operator names
)
\inf@bad=\count88
LaTeX Info: Redefining \frac on input line 223.
\uproot@=\count89
\leftroot@=\count90
LaTeX Info: Redefining \overline on input line 385.
\classnum@=\count91
\DOTSCASE@=\count92
LaTeX Info: Redefining \ldots on input line 482.
LaTeX Info: Redefining \dots on input line 485.
LaTeX Info: Redefining \cdots on input line 606.
\Mathstrutbox@=\box27
\strutbox@=\box28
\big@size=\dimen105
LaTeX Font Info:    Redeclaring font encoding OML on input line 729.
LaTeX Font Info:    Redeclaring font encoding OMS on input line 730.
\macc@depth=\count93
\c@MaxMatrixCols=\count94
\dotsspace@=\muskip10
\c@parentequation=\count95
\dspbrk@lvl=\count96
\tag@help=\toks15
\row@=\count97
\column@=\count98
\maxfields@=\count99
\andhelp@=\toks16
\eqnshift@=\dimen106
\alignsep@=\dimen107
\tagshift@=\dimen108
\tagwidth@=\dimen109
\totwidth@=\dimen110
\lineht@=\dimen111
\@envbody=\toks17
\multlinegap=\skip44
\multlinetaggap=\skip45
\mathdisplay@stack=\toks18
LaTeX Info: Redefining \[ on input line 2844.
LaTeX Info: Redefining \] on input line 2845.
)
(/usr/local/texlive/2019/texmf-dist/tex/latex/graphics/graphicx.sty
Package: graphicx 2017/06/01 v1.1a Enhanced LaTeX Graphics (DPC,SPQR)

(/usr/local/texlive/2019/texmf-dist/tex/latex/graphics/keyval.sty
Package: keyval 2014/10/28 v1.15 key=value parser (DPC)
\KV@toks@=\toks19
)
(/usr/local/texlive/2019/texmf-dist/tex/latex/graphics/graphics.sty
Package: graphics 2017/06/25 v1.2c Standard LaTeX Graphics (DPC,SPQR)

(/usr/local/texlive/2019/texmf-dist/tex/latex/graphics/trig.sty
Package: trig 2016/01/03 v1.10 sin cos tan (DPC)
)
(/usr/local/texlive/2019/texmf-dist/tex/latex/graphics-cfg/graphics.cfg
File: graphics.cfg 2016/06/04 v1.11 sample graphics configuration
)
Package graphics Info: Driver file: pdftex.def on input line 99.

(/usr/local/texlive/2019/texmf-dist/tex/latex/graphics-def/pdftex.def
File: pdftex.def 2018/01/08 v1.0l Graphics/color driver for pdftex
))
\Gin@req@height=\dimen112
\Gin@req@width=\dimen113
)
(/usr/local/texlive/2019/texmf-dist/tex/latex/multirow/multirow.sty
Package: multirow 2019/01/01 v2.4 Span multiple rows of a table
\multirow@colwidth=\skip46
\multirow@cntb=\count100
\multirow@dima=\skip47
\bigstrutjot=\dimen114
)
(/usr/local/texlive/2019/texmf-dist/tex/latex/tools/enumerate.sty
Package: enumerate 2015/07/23 v3.00 enumerate extensions (DPC)
\@enLab=\toks20
)
(/usr/local/texlive/2019/texmf-dist/tex/latex/natbib/natbib.sty
Package: natbib 2010/09/13 8.31b (PWD, AO)
\bibhang=\skip48
\bibsep=\skip49
LaTeX Info: Redefining \cite on input line 694.
\c@NAT@ctr=\count101
)
(/usr/local/texlive/2019/texmf-dist/tex/latex/url/url.sty
\Urlmuskip=\muskip11
Package: url 2013/09/16  ver 3.4  Verb mode for urls, etc.
)
(/usr/local/texlive/2019/texmf-dist/tex/latex/geometry/geometry.sty
Package: geometry 2018/04/16 v5.8 Page Geometry

(/usr/local/texlive/2019/texmf-dist/tex/generic/oberdiek/ifpdf.sty
Package: ifpdf 2018/09/07 v3.3 Provides the ifpdf switch
)
(/usr/local/texlive/2019/texmf-dist/tex/generic/oberdiek/ifvtex.sty
Package: ifvtex 2016/05/16 v1.6 Detect VTeX and its facilities (HO)
Package ifvtex Info: VTeX not detected.
)
(/usr/local/texlive/2019/texmf-dist/tex/generic/ifxetex/ifxetex.sty
Package: ifxetex 2010/09/12 v0.6 Provides ifxetex conditional
)
\Gm@cnth=\count102
\Gm@cntv=\count103
\c@Gm@tempcnt=\count104
\Gm@bindingoffset=\dimen115
\Gm@wd@mp=\dimen116
\Gm@odd@mp=\dimen117
\Gm@even@mp=\dimen118
\Gm@layoutwidth=\dimen119
\Gm@layoutheight=\dimen120
\Gm@layouthoffset=\dimen121
\Gm@layoutvoffset=\dimen122
\Gm@dimlist=\toks21
)
(/usr/local/texlive/2019/texmf-dist/tex/latex/amsfonts/amssymb.sty
Package: amssymb 2013/01/14 v3.01 AMS font symbols

(/usr/local/texlive/2019/texmf-dist/tex/latex/amsfonts/amsfonts.sty
Package: amsfonts 2013/01/14 v3.01 Basic AMSFonts support
\symAMSa=\mathgroup4
\symAMSb=\mathgroup5
LaTeX Font Info:    Overwriting math alphabet `\mathfrak' in version `bold'
(Font)                  U/euf/m/n --> U/euf/b/n on input line 106.
))
(/usr/local/texlive/2019/texmf-dist/tex/latex/doublestroke/dsfont.sty
Package: dsfont 1995/08/01 v0.1 Double stroke roman fonts
)
(/usr/local/texlive/2019/texmf-dist/tex/latex/graphics/color.sty
Package: color 2016/07/10 v1.1e Standard LaTeX Color (DPC)

(/usr/local/texlive/2019/texmf-dist/tex/latex/graphics-cfg/color.cfg
File: color.cfg 2016/01/02 v1.6 sample color configuration
)
Package color Info: Driver file: pdftex.def on input line 147.
)
(/usr/local/texlive/2019/texmf-dist/tex/latex/tools/bm.sty
Package: bm 2017/01/16 v1.2c Bold Symbol Support (DPC/FMi)
\symboldoperators=\mathgroup6
\symboldletters=\mathgroup7
\symboldsymbols=\mathgroup8
LaTeX Font Info:    Redeclaring math alphabet \mathbf on input line 141.
LaTeX Info: Redefining \bm on input line 207.
)
(/usr/local/texlive/2019/texmf-dist/tex/latex/mathtools/mathtools.sty
Package: mathtools 2018/01/08 v1.21 mathematical typesetting tools

(/usr/local/texlive/2019/texmf-dist/tex/latex/tools/calc.sty
Package: calc 2017/05/25 v4.3 Infix arithmetic (KKT,FJ)
\calc@Acount=\count105
\calc@Bcount=\count106
\calc@Adimen=\dimen123
\calc@Bdimen=\dimen124
\calc@Askip=\skip50
\calc@Bskip=\skip51
LaTeX Info: Redefining \setlength on input line 80.
LaTeX Info: Redefining \addtolength on input line 81.
\calc@Ccount=\count107
\calc@Cskip=\skip52
)
(/usr/local/texlive/2019/texmf-dist/tex/latex/mathtools/mhsetup.sty
Package: mhsetup 2017/03/31 v1.3 programming setup (MH)
)
LaTeX Info: Thecontrolsequence`\('isalreadyrobust on input line 129.
LaTeX Info: Thecontrolsequence`\)'isalreadyrobust on input line 129.
LaTeX Info: Thecontrolsequence`\['isalreadyrobust on input line 129.
LaTeX Info: Thecontrolsequence`\]'isalreadyrobust on input line 129.
\g_MT_multlinerow_int=\count108
\l_MT_multwidth_dim=\dimen125
\origjot=\skip53
\l_MT_shortvdotswithinadjustabove_dim=\dimen126
\l_MT_shortvdotswithinadjustbelow_dim=\dimen127
\l_MT_above_intertext_sep=\dimen128
\l_MT_below_intertext_sep=\dimen129
\l_MT_above_shortintertext_sep=\dimen130
\l_MT_below_shortintertext_sep=\dimen131
)
(/usr/local/texlive/2019/texmf-dist/tex/latex/enumitem/enumitem.sty
Package: enumitem 2019/02/04 v3.8 Customized lists
\labelindent=\skip54
\enit@outerparindent=\dimen132
\enit@toks=\toks22
\enit@inbox=\box29
\enit@count@id=\count109
\enitdp@description=\count110
)
(/usr/local/texlive/2019/texmf-dist/tex/latex/amscls/amsthm.sty
Package: amsthm 2017/10/31 v2.20.4
\thm@style=\toks23
\thm@bodyfont=\toks24
\thm@headfont=\toks25
\thm@notefont=\toks26
\thm@headpunct=\toks27
\thm@preskip=\skip55
\thm@postskip=\skip56
\thm@headsep=\skip57
\dth@everypar=\toks28
)
(/usr/local/texlive/2019/texmf-dist/tex/latex/caption/subcaption.sty
Package: subcaption 2018/05/01 v1.1-162 Sub-captions (AR)

(/usr/local/texlive/2019/texmf-dist/tex/latex/caption/caption.sty
Package: caption 2018/10/06 v3.3-154 Customizing captions (AR)

(/usr/local/texlive/2019/texmf-dist/tex/latex/caption/caption3.sty
Package: caption3 2018/09/12 v1.8c caption3 kernel (AR)
Package caption3 Info: TeX engine: e-TeX on input line 64.
\captionmargin=\dimen133
\captionmargin@=\dimen134
\captionwidth=\dimen135
\caption@tempdima=\dimen136
\caption@indent=\dimen137
\caption@parindent=\dimen138
\caption@hangindent=\dimen139
)
\c@caption@flags=\count111
\c@ContinuedFloat=\count112
)
\c@subfigure=\count113
\c@subtable=\count114
)
\c@thm=\count115
\c@lem=\count116
\c@prop=\count117
\c@pro=\count118
\c@cor=\count119
\c@defn=\count120
\c@assumption=\count121
\c@example=\count122
\c@rmk=\count123

(/usr/local/texlive/2019/texmf-dist/tex/latex/parskip/parskip.sty
Package: parskip 2019-01-16 v2.0c non-zero parskip adjustments

(/usr/local/texlive/2019/texmf-dist/tex/latex/oberdiek/kvoptions.sty
Package: kvoptions 2016/05/16 v3.12 Key value format for package options (HO)

(/usr/local/texlive/2019/texmf-dist/tex/generic/oberdiek/ltxcmds.sty
Package: ltxcmds 2016/05/16 v1.23 LaTeX kernel commands for general use (HO)
)
(/usr/local/texlive/2019/texmf-dist/tex/generic/oberdiek/kvsetkeys.sty
Package: kvsetkeys 2016/05/16 v1.17 Key value parser (HO)

(/usr/local/texlive/2019/texmf-dist/tex/generic/oberdiek/infwarerr.sty
Package: infwarerr 2016/05/16 v1.4 Providing info/warning/error messages (HO)
)
(/usr/local/texlive/2019/texmf-dist/tex/generic/oberdiek/etexcmds.sty
Package: etexcmds 2016/05/16 v1.6 Avoid name clashes with e-TeX commands (HO)

(/usr/local/texlive/2019/texmf-dist/tex/generic/oberdiek/ifluatex.sty
Package: ifluatex 2016/05/16 v1.4 Provides the ifluatex switch (HO)
Package ifluatex Info: LuaTeX not detected.
))))
(/usr/local/texlive/2019/texmf-dist/tex/latex/etoolbox/etoolbox.sty
Package: etoolbox 2018/08/19 v2.5f e-TeX tools for LaTeX (JAW)
\etb@tempcnta=\count124
))
(./macros.tex
(/usr/local/texlive/2019/texmf-dist/tex/latex/stmaryrd/stmaryrd.sty
Package: stmaryrd 1994/03/03 St Mary's Road symbol package
\symstmry=\mathgroup9
LaTeX Font Info:    Overwriting symbol font `stmry' in version `bold'
(Font)                  U/stmry/m/n --> U/stmry/b/n on input line 89.
))
(/usr/local/texlive/2019/texmf-dist/tex/latex/jknapltx/mathrsfs.sty
Package: mathrsfs 1996/01/01 Math RSFS package v1.0 (jk)
\symrsfs=\mathgroup10
)
(/usr/local/texlive/2019/texmf-dist/tex/latex/wrapfig/wrapfig.sty
\wrapoverhang=\dimen140
\WF@size=\dimen141
\c@WF@wrappedlines=\count125
\WF@box=\box30
\WF@everypar=\toks29
Package: wrapfig 2003/01/31  v 3.6
)
(/usr/local/texlive/2019/texmf-dist/tex/latex/hyperref/hyperref.sty
Package: hyperref 2018/11/30 v6.88e Hypertext links for LaTeX

(/usr/local/texlive/2019/texmf-dist/tex/generic/oberdiek/hobsub-hyperref.sty
Package: hobsub-hyperref 2016/05/16 v1.14 Bundle oberdiek, subset hyperref (HO)


(/usr/local/texlive/2019/texmf-dist/tex/generic/oberdiek/hobsub-generic.sty
Package: hobsub-generic 2016/05/16 v1.14 Bundle oberdiek, subset generic (HO)
Package: hobsub 2016/05/16 v1.14 Construct package bundles (HO)
Package hobsub Info: Skipping package `infwarerr' (already loaded).
Package hobsub Info: Skipping package `ltxcmds' (already loaded).
Package hobsub Info: Skipping package `ifluatex' (already loaded).
Package hobsub Info: Skipping package `ifvtex' (already loaded).
Package: intcalc 2016/05/16 v1.2 Expandable calculations with integers (HO)
Package hobsub Info: Skipping package `ifpdf' (already loaded).
Package hobsub Info: Skipping package `etexcmds' (already loaded).
Package hobsub Info: Skipping package `kvsetkeys' (already loaded).
Package: kvdefinekeys 2016/05/16 v1.4 Define keys (HO)
Package: pdftexcmds 2018/09/10 v0.29 Utility functions of pdfTeX for LuaTeX (HO
)
Package pdftexcmds Info: LuaTeX not detected.
Package pdftexcmds Info: \pdf@primitive is available.
Package pdftexcmds Info: \pdf@ifprimitive is available.
Package pdftexcmds Info: \pdfdraftmode found.
Package: pdfescape 2016/05/16 v1.14 Implements pdfTeX's escape features (HO)
Package: bigintcalc 2016/05/16 v1.4 Expandable calculations on big integers (HO
)
Package: bitset 2016/05/16 v1.2 Handle bit-vector datatype (HO)
Package: uniquecounter 2016/05/16 v1.3 Provide unlimited unique counter (HO)
)
Package hobsub Info: Skipping package `hobsub' (already loaded).
Package: letltxmacro 2016/05/16 v1.5 Let assignment for LaTeX macros (HO)
Package: hopatch 2016/05/16 v1.3 Wrapper for package hooks (HO)
Package: xcolor-patch 2016/05/16 xcolor patch
Package: atveryend 2016/05/16 v1.9 Hooks at the very end of document (HO)
Package: atbegshi 2016/06/09 v1.18 At begin shipout hook (HO)
Package: refcount 2016/05/16 v3.5 Data extraction from label references (HO)
Package: hycolor 2016/05/16 v1.8 Color options for hyperref/bookmark (HO)
)
(/usr/local/texlive/2019/texmf-dist/tex/latex/oberdiek/auxhook.sty
Package: auxhook 2016/05/16 v1.4 Hooks for auxiliary files (HO)
)
\@linkdim=\dimen142
\Hy@linkcounter=\count126
\Hy@pagecounter=\count127

(/usr/local/texlive/2019/texmf-dist/tex/latex/hyperref/pd1enc.def
File: pd1enc.def 2018/11/30 v6.88e Hyperref: PDFDocEncoding definition (HO)
Now handling font encoding PD1 ...
... no UTF-8 mapping file for font encoding PD1
)
\Hy@SavedSpaceFactor=\count128

(/usr/local/texlive/2019/texmf-dist/tex/latex/latexconfig/hyperref.cfg
File: hyperref.cfg 2002/06/06 v1.2 hyperref configuration of TeXLive
)
Package hyperref Info: Option `colorlinks' set `true' on input line 4393.
Package hyperref Info: Hyper figures OFF on input line 4519.
Package hyperref Info: Link nesting OFF on input line 4524.
Package hyperref Info: Hyper index ON on input line 4527.
Package hyperref Info: Plain pages OFF on input line 4534.
Package hyperref Info: Backreferencing OFF on input line 4539.
Package hyperref Info: Implicit mode ON; LaTeX internals redefined.
Package hyperref Info: Bookmarks ON on input line 4772.
\c@Hy@tempcnt=\count129
LaTeX Info: Redefining \url on input line 5125.
\XeTeXLinkMargin=\dimen143
\Fld@menulength=\count130
\Field@Width=\dimen144
\Fld@charsize=\dimen145
Package hyperref Info: Hyper figures OFF on input line 6380.
Package hyperref Info: Link nesting OFF on input line 6385.
Package hyperref Info: Hyper index ON on input line 6388.
Package hyperref Info: backreferencing OFF on input line 6395.
Package hyperref Info: Link coloring ON on input line 6398.
Package hyperref Info: Link coloring with OCG OFF on input line 6405.
Package hyperref Info: PDF/A mode OFF on input line 6410.
LaTeX Info: Redefining \ref on input line 6450.
LaTeX Info: Redefining \pageref on input line 6454.
\Hy@abspage=\count131
\c@Item=\count132
\c@Hfootnote=\count133
)
Package hyperref Info: Driver (autodetected): hpdftex.

(/usr/local/texlive/2019/texmf-dist/tex/latex/hyperref/hpdftex.def
File: hpdftex.def 2018/11/30 v6.88e Hyperref driver for pdfTeX
\Fld@listcount=\count134
\c@bookmark@seq@number=\count135

(/usr/local/texlive/2019/texmf-dist/tex/latex/oberdiek/rerunfilecheck.sty
Package: rerunfilecheck 2016/05/16 v1.8 Rerun checks for auxiliary files (HO)
Package uniquecounter Info: New unique counter `rerunfilecheck' on input line 2
82.
)
\Hy@SectionHShift=\skip58
)
(./SLDS_smoothT.aux

LaTeX Warning: Label `eq:union' multiply defined.

)
\openout1 = `SLDS_smoothT.aux'.

LaTeX Font Info:    Checking defaults for OML/cmm/m/it on input line 65.
LaTeX Font Info:    ... okay on input line 65.
LaTeX Font Info:    Checking defaults for T1/cmr/m/n on input line 65.
LaTeX Font Info:    ... okay on input line 65.
LaTeX Font Info:    Checking defaults for OT1/cmr/m/n on input line 65.
LaTeX Font Info:    ... okay on input line 65.
LaTeX Font Info:    Checking defaults for OMS/cmsy/m/n on input line 65.
LaTeX Font Info:    ... okay on input line 65.
LaTeX Font Info:    Checking defaults for OMX/cmex/m/n on input line 65.
LaTeX Font Info:    ... okay on input line 65.
LaTeX Font Info:    Checking defaults for U/cmr/m/n on input line 65.
LaTeX Font Info:    ... okay on input line 65.
LaTeX Font Info:    Checking defaults for PD1/pdf/m/n on input line 65.
LaTeX Font Info:    ... okay on input line 65.
 (/usr/local/texlive/2019/texmf-dist/tex/context/base/mkii/supp-pdf.mkii
[Loading MPS to PDF converter (version 2006.09.02).]
\scratchcounter=\count136
\scratchdimen=\dimen146
\scratchbox=\box31
\nofMPsegments=\count137
\nofMParguments=\count138
\everyMPshowfont=\toks30
\MPscratchCnt=\count139
\MPscratchDim=\dimen147
\MPnumerator=\count140
\makeMPintoPDFobject=\count141
\everyMPtoPDFconversion=\toks31
) (/usr/local/texlive/2019/texmf-dist/tex/latex/oberdiek/epstopdf-base.sty
Package: epstopdf-base 2016/05/15 v2.6 Base part for package epstopdf

(/usr/local/texlive/2019/texmf-dist/tex/latex/oberdiek/grfext.sty
Package: grfext 2016/05/16 v1.2 Manage graphics extensions (HO)
)
Package epstopdf-base Info: Redefining graphics rule for `.eps' on input line 4
38.
Package grfext Info: Graphics extension search list:
(grfext)             [.pdf,.png,.jpg,.mps,.jpeg,.jbig2,.jb2,.PDF,.PNG,.JPG,.JPE
G,.JBIG2,.JB2,.eps]
(grfext)             \AppendGraphicsExtensions on input line 456.

(/usr/local/texlive/2019/texmf-dist/tex/latex/latexconfig/epstopdf-sys.cfg
File: epstopdf-sys.cfg 2010/07/13 v1.3 Configuration of (r)epstopdf for TeX Liv
e
))
*geometry* driver: auto-detecting
*geometry* detected driver: pdftex
*geometry* verbose mode - [ preamble ] result:
* driver: pdftex
* paper: <default>
* layout: <same size as paper>
* layoutoffset:(h,v)=(0.0pt,0.0pt)
* modes: 
* h-part:(L,W,R)=(72.26999pt, 469.75502pt, 72.26999pt)
* v-part:(T,H,B)=(72.26999pt, 650.43001pt, 72.26999pt)
* \paperwidth=614.295pt
* \paperheight=794.96999pt
* \textwidth=469.75502pt
* \textheight=650.43001pt
* \oddsidemargin=0.0pt
* \evensidemargin=0.0pt
* \topmargin=-37.0pt
* \headheight=12.0pt
* \headsep=25.0pt
* \topskip=11.0pt
* \footskip=30.0pt
* \marginparwidth=59.0pt
* \marginparsep=10.0pt
* \columnsep=10.0pt
* \skip\footins=10.0pt plus 4.0pt minus 2.0pt
* \hoffset=0.0pt
* \voffset=0.0pt
* \mag=1000
* \@twocolumnfalse
* \@twosidefalse
* \@mparswitchfalse
* \@reversemarginfalse
* (1in=72.27pt=25.4mm, 1cm=28.453pt)

Package caption Info: Begin \AtBeginDocument code.
Package caption Info: hyperref package is loaded.
Package caption Info: wrapfig package is loaded.
Package caption Info: End \AtBeginDocument code.
\AtBeginShipoutBox=\box32
Package hyperref Info: Link coloring ON on input line 65.
(/usr/local/texlive/2019/texmf-dist/tex/latex/hyperref/nameref.sty
Package: nameref 2016/05/21 v2.44 Cross-referencing by name of section

(/usr/local/texlive/2019/texmf-dist/tex/generic/oberdiek/gettitlestring.sty
Package: gettitlestring 2016/05/16 v1.5 Cleanup title references (HO)
)
\c@section@level=\count142
)
LaTeX Info: Redefining \ref on input line 65.
LaTeX Info: Redefining \pageref on input line 65.
LaTeX Info: Redefining \nameref on input line 65.

(./SLDS_smoothT.out) (./SLDS_smoothT.out)
\@outlinefile=\write3
\openout3 = `SLDS_smoothT.out'.

LaTeX Font Info:    Try loading font information for U+msa on input line 89.

(/usr/local/texlive/2019/texmf-dist/tex/latex/amsfonts/umsa.fd
File: umsa.fd 2013/01/14 v3.01 AMS symbols A
)
LaTeX Font Info:    Try loading font information for U+msb on input line 89.

(/usr/local/texlive/2019/texmf-dist/tex/latex/amsfonts/umsb.fd
File: umsb.fd 2013/01/14 v3.01 AMS symbols B
)
LaTeX Font Info:    Try loading font information for U+stmry on input line 89.

(/usr/local/texlive/2019/texmf-dist/tex/latex/stmaryrd/Ustmry.fd)
LaTeX Font Info:    Try loading font information for U+rsfs on input line 89.

(/usr/local/texlive/2019/texmf-dist/tex/latex/jknapltx/ursfs.fd
File: ursfs.fd 1998/03/24 rsfs font definition file (jk)
)
Overfull \hbox (20.42192pt too wide) in paragraph at lines 96--98
\OT1/cmr/m/it/10.95 Keywords: \OT1/cmr/m/n/10.95 Ten-sor es-ti-ma-tion, la-tent
 per-mu-ta-tion, di-verg-ing di-men-sion-al-ity, phase tran-si-tion, statistica
l-
 []

[1

{/usr/local/texlive/2019/texmf-var/fonts/map/pdftex/updmap/pdftex.map}]
<figure/semantic_new.pdf, id=148, 1395.56894pt x 438.87048pt>
File: figure/semantic_new.pdf Graphic file (type pdf)
<use figure/semantic_new.pdf>
Package pdftex.def Info: figure/semantic_new.pdf  used on input line 114.
(pdftex.def)             Requested size: 446.26582pt x 140.33427pt.

[2 <./figure/semantic_new.pdf>]

Package amsmath Warning: Foreign command \over;
(amsmath)                \frac or \genfrac should be used instead
(amsmath)                 on input line 123.

[3] [4] [5]
LaTeX Font Info:    Try loading font information for U+dsrom on input line 169.


(/usr/local/texlive/2019/texmf-dist/tex/latex/doublestroke/Udsrom.fd
File: Udsrom.fd 1995/08/01 v0.1 Double stroke roman font definitions
) [6]
[7]

LaTeX Font Warning: Command \small invalid in math mode on input line 201.

[8] [9] [10]
Overfull \hbox (12.00871pt too wide) in paragraph at lines 238--239
\OT1/cmr/m/n/10.95 ten-sor block model draws in-de-pen-dent en-tries ac-cord-in
g to $\OMS/cmsy/m/n/10.95 Y\OT1/cmr/m/n/10.95 (\OML/cmm/m/it/10.95 i[]; [] ; i[
]\OT1/cmr/m/n/10.95 ) [] \OML/cmm/m/it/10.95 N\OT1/cmr/m/n/10.95 (\OMS/cmsy/m/n
/10.95 S\OT1/cmr/m/n/10.95 (\OML/cmm/m/it/10.95 z\OT1/cmr/m/n/10.95 (\OML/cmm/m
/it/10.95 i[]\OT1/cmr/m/n/10.95 )\OML/cmm/m/it/10.95 ; [] ; z\OT1/cmr/m/n/10.95
 (\OML/cmm/m/it/10.95 i[]\OT1/cmr/m/n/10.95 ))\OML/cmm/m/it/10.95 ; ^^[[]\OT1/c
mr/m/n/10.95 )$.
 []

[11] [12]
Overfull \hbox (16.47021pt too wide) in paragraph at lines 288--291
\OT1/cmr/m/it/10.95 with high prob-a-bil-ity. In par-tic-u-lar, set-ting $\OML/
cmm/m/it/10 `[] \OT1/cmr/m/n/10 = [](\OMS/cmsy/m/n/10 b\OML/cmm/m/it/10 \OMS/c
msy/m/n/10 c\OML/cmm/m/it/10 ; \OT1/cmr/m/n/10 (\OML/cmm/m/it/10 m \OMS/cmsy/m/
n/10 ^^@ \OT1/cmr/m/n/10 2)(\OML/cmm/m/it/10 m \OT1/cmr/m/n/10 + 1)\OML/cmm/m/i
t/10 =\OT1/cmr/m/n/10 2)$ \OT1/cmr/m/it/10.95 and $\OML/cmm/m/it/10.95 k[] \OT1
/cmr/m/n/10.95 = \OML/cmm/m/it/10.95 c[]d[]$
 []

[13] [14] [15] [16] [17]
<figure/Borda2.pdf, id=586, 594.1447pt x 119.33583pt>
File: figure/Borda2.pdf Graphic file (type pdf)
<use figure/Borda2.pdf>
Package pdftex.def Info: figure/Borda2.pdf  used on input line 387.
(pdftex.def)             Requested size: 469.75502pt x 94.35437pt.
 [18 <./figure/Borda2.pdf>] [19]
Overfull \hbox (9.33829pt too wide) in paragraph at lines 440--442
[][]\OT1/cmr/bx/n/10.95 Remark 5 \OT1/cmr/m/n/10.95 (Com-par-i-son with least--
squares es-ti-ma-tion)\OT1/cmr/bx/n/10.95 . []\OT1/cmr/m/n/10.95 The three term
s in the es-ti-ma-tion bound [][]
 []

[20]
<figure/deg_conti.pdf, id=730, 1232.6561pt x 381.01076pt>
File: figure/deg_conti.pdf Graphic file (type pdf)
<use figure/deg_conti.pdf>
Package pdftex.def Info: figure/deg_conti.pdf  used on input line 473.
(pdftex.def)             Requested size: 422.77664pt x 130.68143pt.
<figure/deg_binary.pdf, id=731, 1255.82076pt x 365.97243pt>
File: figure/deg_binary.pdf Graphic file (type pdf)
<use figure/deg_binary.pdf>
Package pdftex.def Info: figure/deg_binary.pdf  used on input line 477.
(pdftex.def)             Requested size: 422.77664pt x 123.20601pt.
 [21]
<figure/altdim_conti.pdf, id=745, 1144.69147pt x 348.15805pt>
File: figure/altdim_conti.pdf Graphic file (type pdf)
<use figure/altdim_conti.pdf>
Package pdftex.def Info: figure/altdim_conti.pdf  used on input line 496.
(pdftex.def)             Requested size: 422.77664pt x 128.5827pt.
<figure/altdim_binary.pdf, id=746, 1111.97488pt x 348.15805pt>
File: figure/altdim_binary.pdf Graphic file (type pdf)
<use figure/altdim_binary.pdf>
Package pdftex.def Info: figure/altdim_binary.pdf  used on input line 500.
(pdftex.def)             Requested size: 422.77664pt x 132.37048pt.
<figure/vfinal.pdf, id=749, 554.47752pt x 431.55023pt>
File: figure/vfinal.pdf Graphic file (type pdf)
<use figure/vfinal.pdf>
Package pdftex.def Info: figure/vfinal.pdf  used on input line 509.
(pdftex.def)             Requested size: 422.77664pt x 329.04834pt.
LaTeX Font Info:    Try loading font information for OMS+cmr on input line 517.

 (/usr/local/texlive/2019/texmf-dist/tex/latex/base/omscmr.fd
File: omscmr.fd 2014/09/29 v2.5h Standard LaTeX font definitions
)
LaTeX Font Info:    Font shape `OMS/cmr/m/n' in size <10.95> not available
(Font)              Font shape `OMS/cmsy/m/n' tried instead on input line 517.

[22 <./figure/deg_conti.pdf> <./figure/deg_binary.pdf

pdfTeX warning: /Library/TeX/texbin/pdflatex (file ./figure/deg_binary.pdf): PD
F inclusion: multiple pdfs with page group included in a single page
>] [23 <./figure/altdim_conti.pdf> <./figure/altdim_binary.pdf

pdfTeX warning: /Library/TeX/texbin/pdflatex (file ./figure/altdim_binary.pdf):
 PDF inclusion: multiple pdfs with page group included in a single page
>] [24 <./figure/vfinal.pdf>]
<figure/crimecompare.pdf, id=1085, 3551.64832pt x 2003.40193pt>
File: figure/crimecompare.pdf Graphic file (type pdf)
<use figure/crimecompare.pdf>
Package pdftex.def Info: figure/crimecompare.pdf  used on input line 550.
(pdftex.def)             Requested size: 469.75502pt x 264.97566pt.
 [25 <./figure/crimecompare.pdf>]
<figure/CrimeA.pdf, id=1118, 826.58806pt x 810.02618pt>
File: figure/CrimeA.pdf Graphic file (type pdf)
<use figure/CrimeA.pdf>
Package pdftex.def Info: figure/CrimeA.pdf  used on input line 561.
(pdftex.def)             Requested size: 469.75502pt x 460.34776pt.
 [26 <./figure/CrimeA.pdf>] [27] [28] (./SLDS_smoothT.bbl [29] [30] [31]) [32]
Overfull \hbox (2.26056pt too wide) in paragraph at lines 615--616
\OT1/cmr/m/n/10.95 The ap-pendix in-cludes ex-tra sim-u-la-tion re-sults, proof
 of main the-o-rmes, and tech-ni-cal lem-mas. 
 []

<figure/deg_dim_c.pdf, id=1229, 1783.28366pt x 363.1855pt>
File: figure/deg_dim_c.pdf Graphic file (type pdf)
<use figure/deg_dim_c.pdf>
Package pdftex.def Info: figure/deg_dim_c.pdf  used on input line 634.
(pdftex.def)             Requested size: 469.75502pt x 95.66734pt.
<figure/deg_dim_b.pdf, id=1230, 1793.17769pt x 362.26779pt>
File: figure/deg_dim_b.pdf Graphic file (type pdf)
<use figure/deg_dim_b.pdf>
Package pdftex.def Info: figure/deg_dim_b.pdf  used on input line 638.
(pdftex.def)             Requested size: 469.75502pt x 94.90048pt.
<figure/extravfinal.pdf, id=1233, 1269.74374pt x 647.59636pt>
File: figure/extravfinal.pdf Graphic file (type pdf)
<use figure/extravfinal.pdf>
Package pdftex.def Info: figure/extravfinal.pdf  used on input line 647.
(pdftex.def)             Requested size: 422.77664pt x 215.62447pt.
<figure/extra_conti.pdf, id=1236, 1483.1308pt x 366.56958pt>
File: figure/extra_conti.pdf Graphic file (type pdf)
<use figure/extra_conti.pdf>
Package pdftex.def Info: figure/extra_conti.pdf  used on input line 656.
(pdftex.def)             Requested size: 469.75502pt x 116.10208pt.
<figure/extra_binary.pdf, id=1237, 1521.64629pt x 362.26785pt>
File: figure/extra_binary.pdf Graphic file (type pdf)
<use figure/extra_binary.pdf>
Package pdftex.def Info: figure/extra_binary.pdf  used on input line 660.
(pdftex.def)             Requested size: 469.75502pt x 111.83754pt.
[33

 <./figure/deg_dim_c.pdf> <./figure/deg_dim_b.pdf

pdfTeX warning: /Library/TeX/texbin/pdflatex (file ./figure/deg_dim_b.pdf): PDF
 inclusion: multiple pdfs with page group included in a single page
>] [34 <./figure/extravfinal.pdf> <./figure/extra_conti.pdf

pdfTeX warning: /Library/TeX/texbin/pdflatex (file ./figure/extra_conti.pdf): P
DF inclusion: multiple pdfs with page group included in a single page
> <./figure/extra_binary.pdf

pdfTeX warning: /Library/TeX/texbin/pdflatex (file ./figure/extra_binary.pdf): 
PDF inclusion: multiple pdfs with page group included in a single page
>]
<figure/crimetable.pdf, id=2032, 693.792pt x 166.22101pt>
File: figure/crimetable.pdf Graphic file (type pdf)
<use figure/crimetable.pdf>
Package pdftex.def Info: figure/crimetable.pdf  used on input line 705.
(pdftex.def)             Requested size: 469.75502pt x 112.54688pt.
 [35] [36 <./figure/crimetable.pdf>]

Package amsmath Warning: Foreign command \atopwithdelims;
(amsmath)                \frac or \genfrac should be used instead
(amsmath)                 on input line 765.

[37] [38] [39] [40] [41] [42] [43] [44]
Overfull \hbox (12.94638pt too wide) in paragraph at lines 976--979
\OT1/cmr/bx/n/10.95 Nonparametric er-ror. \OT1/cmr/m/n/10.95 Re-call that Borda
 count es-ti-ma-tion is de-fined by $[] := [][]\OMS/cmsy/m/n/10.95 k[] ^^@
 []

[45] [46] [47]
Overfull \hbox (22.18724pt too wide) in paragraph at lines 1054--1058
\OT1/cmr/m/n/10.95 To ap-ply Propo-si-tion [][]1[][], we find up-per bound $[][
] \OML/cmm/m/it/10.95 D\OT1/cmr/m/n/10.95 (\U/msb/m/n/10.95 P[]\OMS/cmsy/m/n/10
.95 j\U/msb/m/n/10.95 P[]\OT1/cmr/m/n/10.95 )$ and lower bound $[] \OMS/cmsy/m/
n/10.95 M\OT1/cmr/m/n/10.95 (\OML/cmm/m/it/10.95 ^^O; \OMS/cmsy/m/n/10.95 B\OT1
/cmr/m/n/10.95 (\OMS/cmsy/m/n/10.95 Z\OT1/cmr/m/n/10.95 )\OML/cmm/m/it/10.95 ; 
^^Z\OT1/cmr/m/n/10.95 )$,
 []

[48] [49] [50]
Package atveryend Info: Empty hook `BeforeClearDocument' on input line 1149.
 [51]
Package atveryend Info: Empty hook `AfterLastShipout' on input line 1149.
 (./SLDS_smoothT.aux)
Package atveryend Info: Executing hook `AtVeryEndDocument' on input line 1149.
Package atveryend Info: Executing hook `AtEndAfterFileList' on input line 1149.

Package rerunfilecheck Info: File `SLDS_smoothT.out' has not changed.
(rerunfilecheck)             Checksum: 7837D47F8B2927741508437678740CE8;1923.


LaTeX Warning: There were multiply-defined labels.

 ) 
Here is how much of TeX's memory you used:
 10469 strings out of 492616
 155540 string characters out of 6129482
 270870 words of memory out of 5000000
 13955 multiletter control sequences out of 15000+600000
 34694 words of font info for 141 fonts, out of 8000000 for 9000
 1141 hyphenation exceptions out of 8191
 42i,19n,43p,1665b,493s stack positions out of 5000i,500n,10000p,200000b,80000s
</usr/local/texlive/2019/texmf-dist/fonts/type1/public/amsfonts/cm/cmbsy10.pf
b></usr/local/texlive/2019/texmf-dist/fonts/type1/public/amsfonts/cm/cmbx10.pfb
></usr/local/texlive/2019/texmf-dist/fonts/type1/public/amsfonts/cm/cmbx12.pfb>
</usr/local/texlive/2019/texmf-dist/fonts/type1/public/amsfonts/cm/cmex10.pfb><
/usr/local/texlive/2019/texmf-dist/fonts/type1/public/amsfonts/cm/cmmi10.pfb></
usr/local/texlive/2019/texmf-dist/fonts/type1/public/amsfonts/cm/cmmi6.pfb></us
r/local/texlive/2019/texmf-dist/fonts/type1/public/amsfonts/cm/cmmi8.pfb></usr/
local/texlive/2019/texmf-dist/fonts/type1/public/amsfonts/cm/cmmi9.pfb></usr/lo
cal/texlive/2019/texmf-dist/fonts/type1/public/amsfonts/cm/cmmib10.pfb></usr/lo
cal/texlive/2019/texmf-dist/fonts/type1/public/amsfonts/cmextra/cmmib8.pfb></us
r/local/texlive/2019/texmf-dist/fonts/type1/public/amsfonts/cm/cmr10.pfb></usr/
local/texlive/2019/texmf-dist/fonts/type1/public/amsfonts/cm/cmr17.pfb></usr/lo
cal/texlive/2019/texmf-dist/fonts/type1/public/amsfonts/cm/cmr6.pfb></usr/local
/texlive/2019/texmf-dist/fonts/type1/public/amsfonts/cm/cmr8.pfb></usr/local/te
xlive/2019/texmf-dist/fonts/type1/public/amsfonts/cm/cmr9.pfb></usr/local/texli
ve/2019/texmf-dist/fonts/type1/public/amsfonts/cm/cmsy10.pfb></usr/local/texliv
e/2019/texmf-dist/fonts/type1/public/amsfonts/cm/cmsy6.pfb></usr/local/texlive/
2019/texmf-dist/fonts/type1/public/amsfonts/cm/cmsy7.pfb></usr/local/texlive/20
19/texmf-dist/fonts/type1/public/amsfonts/cm/cmsy8.pfb></usr/local/texlive/2019
/texmf-dist/fonts/type1/public/amsfonts/cm/cmsy9.pfb></usr/local/texlive/2019/t
exmf-dist/fonts/type1/public/amsfonts/cm/cmti10.pfb></usr/local/texlive/2019/te
xmf-dist/fonts/type1/public/doublestroke/dsrom10.pfb></usr/local/texlive/2019/t
exmf-dist/fonts/type1/public/amsfonts/symbols/msam10.pfb></usr/local/texlive/20
19/texmf-dist/fonts/type1/public/amsfonts/symbols/msbm10.pfb></usr/local/texliv
e/2019/texmf-dist/fonts/type1/public/rsfs/rsfs10.pfb>
Output written on SLDS_smoothT.pdf (51 pages, 4646762 bytes).
PDF statistics:
 2411 PDF objects out of 2487 (max. 8388607)
 1805 compressed objects within 19 object streams
 219 named destinations out of 1000 (max. 500000)
 292 words of extra memory for PDF output out of 10000 (max. 10000000)

