\BOOKMARK [1][-]{section.1}{Introduction}{}% 1
\BOOKMARK [2][-]{subsection.1.1}{Our contributions}{section.1}% 2
\BOOKMARK [2][-]{subsection.1.2}{Related work}{section.1}% 3
\BOOKMARK [2][-]{subsection.1.3}{Notation and organization}{section.1}% 4
\BOOKMARK [1][-]{section.2}{Smooth tensor model with unknown permutation}{}% 5
\BOOKMARK [1][-]{section.3}{Block-wise tensor estimation}{}% 6
\BOOKMARK [2][-]{subsection.3.1}{Tensor block model}{section.3}% 7
\BOOKMARK [2][-]{subsection.3.2}{Block-wise polynomial approximation}{section.3}% 8
\BOOKMARK [1][-]{section.4}{Fundamental limits via least-squares estimation}{}% 9
\BOOKMARK [1][-]{section.5}{An efficient and computationally feasible procedure}{}% 10
\BOOKMARK [2][-]{subsection.5.1}{Borda count algorithm}{section.5}% 11
\BOOKMARK [2][-]{subsection.5.2}{Computational and statistical complexities}{section.5}% 12
\BOOKMARK [1][-]{section.6}{Numerical analysis}{}% 13
\BOOKMARK [2][-]{subsection.6.1}{Synthetic data}{section.6}% 14
\BOOKMARK [2][-]{subsection.6.2}{Applications to Chicago crime data}{section.6}% 15
\BOOKMARK [1][-]{section.7}{Conclusion and Discussions}{}% 16
\BOOKMARK [1][-]{appendix.A}{Extra numerical results}{}% 17
\BOOKMARK [2][-]{subsection.A.1}{Results for Models 2 and 4 in Table 1}{appendix.A}% 18
\BOOKMARK [2][-]{subsection.A.2}{Extra results on Chicago crime data analysis}{appendix.A}% 19
\BOOKMARK [1][-]{appendix.B}{Proofs of main theorems}{}% 20
\BOOKMARK [2][-]{subsection.B.1}{Proof of Lemma 1}{appendix.B}% 21
\BOOKMARK [2][-]{subsection.B.2}{Proof of Theorem 1}{appendix.B}% 22
\BOOKMARK [2][-]{subsection.B.3}{Proof of Theorem 2}{appendix.B}% 23
\BOOKMARK [2][-]{subsection.B.4}{Proof of Lemma 2}{appendix.B}% 24
\BOOKMARK [2][-]{subsection.B.5}{Proof of Theorem 3}{appendix.B}% 25
\BOOKMARK [1][-]{appendix.C}{Technical lemmas}{}% 26
